make all --print-data-base --no-builtin-variables --no-builtin-rules --question
# GNU Make 4.2.1
# Built for x86_64-pc-linux-gnu
# Copyright (C) 1988-2016 Free Software Foundation, Inc.
# License GPLv3+: GNU GPL version 3 or later <http://gnu.org/licenses/gpl.html>
# This is free software: you are free to change and redistribute it.
# There is NO WARRANTY, to the extent permitted by law.

# Make data base, printed on Thu Jun 23 23:07:09 2022

# Variables

# 'override' directive
GNUMAKEFLAGS := 
# automatic
<D = $(patsubst %/,%,$(dir $<))
# automatic
?F = $(notdir $?)
# environment
DESKTOP_SESSION = ubuntu
# default
.SHELLFLAGS := -c
# environment
 
XDG_SESSION_CLASS = user
# environment
XDG_SESSION_TYPE = x11
# environment
VSCODE_LOG_NATIVE = false
# automatic
?D = $(patsubst %/,%,$(dir $?))
# environment
IM_CONFIG_PHASE = 1
# automatic
@D = $(patsubst %/,%,$(dir $@))
# environment
XAUTHORITY = /run/user/1000/gdm/Xauthority
# environment
GDMSESSION = ubuntu
# environment
XMODIFIERS = @im=ibus
# makefile
CURDIR := /home/pty/桌面/lab5_remake_pty
# makefile
SHELL = /bin/sh
# environment
VSCODE_NLS_CONFIG = {"locale":"zh-cn","availableLanguages":{"*":"zh-cn"},"_languagePackId":"bbca1a7059cee8a1b93da8947fee1c4f.zh-cn","_translationsConfigFile":"/home/pty/.config/Code/clp/bbca1a7059cee8a1b93da8947fee1c4f.zh-cn/tcf.json","_cacheRoot":"/home/pty/.config/Code/clp/bbca1a7059cee8a1b93da8947fee1c4f.zh-cn","_resolvedLanguagePackCoreLocation":"/home/pty/.config/Code/clp/bbca1a7059cee8a1b93da8947fee1c4f.zh-cn/30d9c6cd9483b2cc586687151bcbcd635f373630","_corruptedFile":"/home/pty/.config/Code/clp/bbca1a7059cee8a1b93da8947fee1c4f.zh-cn/corrupted.info","_languagePackSupport":true}
# environment
_ = /usr/share/code/code
# environment
JOURNAL_STREAM = 8:53679
# environment
XDG_CONFIG_DIRS = /etc/xdg/xdg-ubuntu:/etc/xdg
# makefile (from '/home/pty/桌面/lab5_remake_pty/userApp/Makefile', line 1)
MAKEFILE_LIST :=  Makefile /home/pty/桌面/lab5_remake_pty/myOS/Makefile /home/pty/桌面/lab5_remake_pty/myOS/dev/Makefile /home/pty/桌面/lab5_remake_pty/myOS/i386/Makefile /home/pty/桌面/lab5_remake_pty/myOS/printk/Makefile /home/pty/桌面/lab5_remake_pty/myOS/lib/Makefile /home/pty/桌面/lab5_remake_pty/myOS/kernel/Makefile /home/pty/桌面/lab5_remake_pty/myOS/kernel/timer/Makefile /home/pty/桌面/lab5_remake_pty/myOS/kernel/mem/Makefile /home/pty/桌面/lab5_remake_pty/myOS/kernel/schedule/Makefile /home/pty/桌面/lab5_remake_pty/userApp/Makefile
# automatic
@F = $(notdir $@)
# environment
GIO_LAUNCHED_DESKTOP_FILE = /usr/share/applications/code.desktop
# environment
USERNAME = pty
# environment
XDG_DATA_DIRS = /usr/share/ubuntu:/usr/local/share/:/usr/share/:/var/lib/snapd/desktop
# environment
DBUS_SESSION_BUS_ADDRESS = unix:path=/run/user/1000/bus
# environment
VSCODE_VERBOSE_LOGGING = true
# makefile (from '/home/pty/桌面/lab5_remake_pty/myOS/kernel/schedule/Makefile', line 1)
SCHEDULE_OBJS = output/myOS/kernel/schedule/QueueFIFO.o output/myOS/kernel/schedule/QueuePRI.o output/myOS/kernel/schedule/QueueSJF.o output/myOS/kernel/schedule/scheduler.o output/myOS/kernel/schedule/task.o 
# environment
MANAGERPID = 1678
# environment
LESSOPEN = | /usr/bin/lesspipe %s
# environment
VSCODE_CWD = /home/pty
# default
MAKE_HOST := x86_64-pc-linux-gnu
# environment
PATH = /usr/local/sbin:/usr/local/bin:/usr/sbin:/usr/bin:/sbin:/bin:/usr/games:/usr/local/games:/snap/bin
# makefile (from '/home/pty/桌面/lab5_remake_pty/myOS/lib/Makefile', line 1)
LIB_OBJS = output/myOS/lib/vsprintf.o output/myOS/lib/string.o
# environment
GPG_AGENT_INFO = /run/user/1000/gnupg/S.gpg-agent:0:1
# environment
SESSION_MANAGER = local/pty-virtual-machine:@/tmp/.ICE-unix/1895,unix/pty-virtual-machine:/tmp/.ICE-unix/1895
# environment
XDG_RUNTIME_DIR = /run/user/1000
# environment
XDG_MENU_PREFIX = gnome-
# environment
VSCODE_LOG_STACK = false
# environment
ELECTRON_RUN_AS_NODE = 1
# environment
INVOCATION_ID = 012633e0343745708f1d3867637409d1
# default
.FEATURES := target-specific order-only second-expansion else-if shortest-stem undefine oneshell archives jobserver output-sync check-symlink load
# makefile (from 'Makefile', line 4)
ASM_FLAGS = -m32 --pipe -Wall -fasm -g -O1 -fno-stack-protector	
# environment
LS_COLORS = 
# environment
XDG_SESSION_DESKTOP = ubuntu
# environment
SSH_AUTH_SOCK = /run/user/1000/keyring/ssh
# environment
GIO_LAUNCHED_DESKTOP_FILE_PID = 2237
# automatic
%F = $(notdir $%)
# environment
DISPLAY = :0
# makefile (from '/home/pty/桌面/lab5_remake_pty/myOS/dev/Makefile', line 1)
DEV_OBJS = output/myOS/dev/uart.o output/myOS/dev/vga.o output/myOS/dev/i8253.o output/myOS/dev/i8259A.o
# environment
VSCODE_PIPE_LOGGING = true
# environment
PWD = /home/pty/桌面/lab5_remake_pty
# default
.LOADED := 
# environment
SSH_AGENT_PID = 1849
# makefile (from '/home/pty/桌面/lab5_remake_pty/myOS/Makefile', line 7)
MYOS_OBJS = output/myOS/start32.o output/myOS/osStart.o ${DEV_OBJS} ${I386_OBJS} ${PRINTK_OBJS} ${LIB_OBJS} ${KERNEL_OBJS}
# environment
ORIGINAL_XDG_CURRENT_DESKTOP = ubuntu:GNOME
# environment
GTK_MODULES = gail:atk-bridge
# environment
VSCODE_AMD_ENTRYPOINT = vs/workbench/api/node/extensionHostProcess
# environment
HOME = /home/pty
# environment
LESSCLOSE = /usr/bin/lesspipe %s %s
# environment
VSCODE_CODE_CACHE_PATH = /home/pty/.config/Code/CachedData/30d9c6cd9483b2cc586687151bcbcd635f373630
# makefile (from '/home/pty/桌面/lab5_remake_pty/myOS/printk/Makefile', line 1)
PRINTK_OBJS = output/myOS/printk/myPrintk.o
# environment
LOGNAME = pty
# environment
APPLICATION_INSIGHTS_NO_DIAGNOSTIC_CHANNEL = 1
# environment
VSCODE_HANDLES_UNCAUGHT_ERRORS = true
# environment
GNOME_DESKTOP_SESSION_ID = this-is-deprecated
# automatic
^D = $(patsubst %/,%,$(dir $^))
# environment
MAKELEVEL := 0
# default
MAKE = $(MAKE_COMMAND)
# default
MAKECMDGOALS := all
# environment
QT_IM_MODULE = ibus
# environment
SHLVL = 0
# makefile (from 'Makefile', line 14)
OS_OBJS = ${MYOS_OBJS} ${USER_APP_OBJS}
# environment
GNOME_SHELL_SESSION_MODE = ubuntu
# environment
VSCODE_IPC_HOOK_EXTHOST = /run/user/1000/vscode-ipc-247c5c5c-b5f6-47eb-9dc3-43c5ce506147.sock
# default
MAKE_VERSION := 4.2.1
# environment
USER = pty
# makefile
.DEFAULT_GOAL := all
# environment
XDG_CURRENT_DESKTOP = Unity
# makefile (from '/home/pty/桌面/lab5_remake_pty/myOS/kernel/timer/Makefile', line 1)
TIMER_OBJS = output/myOS/kernel/timer/tick.o output/myOS/kernel/timer/wallClock.o output/myOS/kernel/timer/HookInit.o
# automatic
%D = $(patsubst %/,%,$(dir $%))
# makefile (from '/home/pty/桌面/lab5_remake_pty/myOS/kernel/mem/Makefile', line 1)
MEM_OBJS = output/myOS/kernel/mem/pMemInit.o output/myOS/kernel/mem/dPartition.o output/myOS/kernel/mem/eFPartition.o output/myOS/kernel/mem/malloc.o
# default
MAKE_COMMAND := make
# default
.VARIABLES := 
# automatic
*F = $(notdir $*)
# environment
LANGUAGE = zh_CN:zh
# environment
VSCODE_IPC_HOOK = /run/user/1000/vscode-e4c1aa0a-1.68.1-main.sock
# makefile
MAKEFLAGS = pqrR
# environment
MFLAGS = -pqrR
# automatic
*D = $(patsubst %/,%,$(dir $*))
# automatic
+D = $(patsubst %/,%,$(dir $+))
# environment
GDK_BACKEND = x11
# automatic
+F = $(notdir $+)
# makefile (from 'Makefile', line 1)
SRC_RT = $(shell pwd)
# environment
QT_ACCESSIBILITY = 1
# makefile (from 'Makefile', line 3)
CROSS_COMPILE = 
# makefile (from '/home/pty/桌面/lab5_remake_pty/myOS/i386/Makefile', line 1)
I386_OBJS = output/myOS/i386/io.o output/myOS/i386/irq.o output/myOS/i386/irqs.o output/myOS/i386/CTX_SW.o
# 'override' directive
.SHELLSTATUS := 0
# default
MAKEFILES := 
# automatic
<F = $(notdir $<)
# makefile (from '/home/pty/桌面/lab5_remake_pty/userApp/Makefile', line 1)
USER_APP_OBJS = output/userApp/main.o output/userApp/shell.o output/userApp/memTestCase.o output/userApp/taskTestCase.o 
# makefile (from 'Makefile', line 10)
MULTI_BOOT_HEADER = output/multibootheader/multibootHeader.o
# makefile (from 'Makefile', line 5)
C_FLAGS = -m32 -fno-stack-protector -fno-builtin -g
# environment
LC_ALL = C
# makefile (from '/home/pty/桌面/lab5_remake_pty/myOS/kernel/Makefile', line 5)
KERNEL_OBJS = ${TIMER_OBJS} ${MEM_OBJS} ${SCHEDULE_OBJS}
# environment
GJS_DEBUG_TOPICS = JS ERROR;JS LOG
# automatic
^F = $(notdir $^)
# default
SUFFIXES := 
# environment
CHROME_DESKTOP = code-url-handler.desktop
# environment
WINDOWPATH = 2
# default
.INCLUDE_DIRS = /usr/include /usr/local/include /usr/include
# environment
GJS_DEBUG_OUTPUT = stderr
# default
.RECIPEPREFIX := 
# environment
LANG = C
# environment
VSCODE_PID = 2237
# variable set hash-table stats:
# Load=115/1024=11%, Rehash=0, Collisions=30/221=14%

# Pattern-specific Variable Values

# No pattern-specific variable values.

# Directories

# . (device 2053, inode 1441918): 9 files, no impossibilities.
# myOS/kernel/mem (device 2053, inode 1443024): 7 files, no impossibilities.
# multibootheader (device 2053, inode 1442774): 1 files, no impossibilities so far.
# myOS/lib (device 2053, inode 1443034): 5 files, no impossibilities.
# myOS/dev (device 2053, inode 1442777): 7 files, no impossibilities.
# userApp (device 2053, inode 1443046): 10 files, no impossibilities.
# myOS/printk (device 2053, inode 1443041): 4 files, no impossibilities.
# myOS/kernel/timer (device 2053, inode 1443030): 6 files, no impossibilities.
# myOS (device 2053, inode 1442776): 13 files, no impossibilities.
# myOS/kernel/schedule (device 2053, inode 1443261): 8 files, no impossibilities.
# myOS/i386 (device 2053, inode 1443002): 7 files, no impossibilities.

# 77 files, no impossibilities in 11 directories.

# Implicit Rules

output/%.o: %.S
#  recipe to execute (from 'Makefile', line 20):
 
	@mkdir -p $(dir $@)
	@${CROSS_COMPILE}gcc ${ASM_FLAGS} -c -o $@ $<

output/%.o: %.c
#  recipe to execute (from 'Makefile', line 24):
	@mkdir -p $(dir $@)
	@${CROSS_COMPILE}gcc -I myOS/include -I myOS ${C_FLAGS} -c -o $@ $<

# 2 implicit rules, 0 (0.0%) terminal.

# Files

# Not a target:
myOS/osStart.c:
#  Implicit rule search has been done.
#  Last modified 2022-06-23 21:47:12.131797433
#  File has been updated.
#  Successfully updated.

output/myOS/dev/vga.o: myOS/dev/vga.c
#  Implicit rule search has been done.
#  Implicit/static pattern stem: 'myOS/dev/vga'
#  Last modified 2022-06-23 19:41:09.65213225
#  File has been updated.
#  Successfully updated.
#  recipe to execute (from 'Makefile', line 24):
	@mkdir -p $(dir $@)
	@${CROSS_COMPILE}gcc -I myOS/include -I myOS ${C_FLAGS} -c -o $@ $<

# Not a target:
myOS/i386/irq.S:
#  Implicit rule search has been done.
#  Last modified 2022-04-03 23:55:33
#  File has been updated.
#  Successfully updated.

output/myOS/i386/io.o: myOS/i386/io.c
#  Implicit rule search has been done.
#  Implicit/static pattern stem: 'myOS/i386/io'
#  Last modified 2022-06-23 19:41:09.728132608
#  File has been updated.
#  Successfully updated.
#  recipe to execute (from 'Makefile', line 24):
	@mkdir -p $(dir $@)
	@${CROSS_COMPILE}gcc -I myOS/include -I myOS ${C_FLAGS} -c -o $@ $<

# Not a target:
/home/pty/桌面/lab5_remake_pty/myOS/kernel/timer/Makefile:
#  Implicit rule search has been done.
#  Last modified 2022-06-23 18:31:53.417895413
#  File has been updated.
#  Successfully updated.

# Not a target:
myOS/kernel/schedule/QueueFIFO.c:
#  Implicit rule search has been done.
#  Last modified 2022-06-23 20:04:59.00687372
#  File has been updated.
#  Successfully updated.

output/myOS/i386/CTX_SW.o: myOS/i386/CTX_SW.S
#  Implicit rule search has been done.
#  Implicit/static pattern stem: 'myOS/i386/CTX_SW'
#  Last modified 2022-06-23 19:41:09.788132892
#  File has been updated.
#  Successfully updated.
#  recipe to execute (from 'Makefile', line 20):
	@mkdir -p $(dir $@)
	@${CROSS_COMPILE}gcc ${ASM_FLAGS} -c -o $@ $<

output/myOS/dev/i8253.o: myOS/dev/i8253.c
#  Implicit rule search has been done.
#  Implicit/static pattern stem: 'myOS/dev/i8253'
#  Last modified 2022-06-23 19:41:09.676132363
#  File has been updated.
#  Successfully updated.
#  recipe to execute (from 'Makefile', line 24):
	@mkdir -p $(dir $@)
	@${CROSS_COMPILE}gcc -I myOS/include -I myOS ${C_FLAGS} -c -o $@ $<

# Not a target:
myOS/kernel/timer/wallClock.c:
#  Implicit rule search has been done.
#  Last modified 2022-05-17 16:39:17
#  File has been updated.
#  Successfully updated.

all: output/myOS.elf
#  Phony target (prerequisite of .PHONY).
#  Command line target.
#  Implicit rule search has not been done.
#  File does not exist.
#  File has been updated.
#  Successfully updated.

# Not a target:
userApp/shell.c:
#  Implicit rule search has been done.
#  Last modified 2022-05-17 19:07:34
#  File has been updated.
#  Successfully updated.

.PHONY: all
#  Implicit rule search has not been done.
#  Modification time never checked.
#  File has not been updated.

output/myOS/kernel/mem/pMemInit.o: myOS/kernel/mem/pMemInit.c
#  Implicit rule search has been done.
#  Implicit/static pattern stem: 'myOS/kernel/mem/pMemInit'
#  Last modified 2022-06-23 19:41:10.016133967
#  File has been updated.
#  Successfully updated.
#  recipe to execute (from 'Makefile', line 24):
	@mkdir -p $(dir $@)
	@${CROSS_COMPILE}gcc -I myOS/include -I myOS ${C_FLAGS} -c -o $@ $<

output/myOS.elf: output/myOS/start32.o output/myOS/osStart.o output/myOS/dev/uart.o output/myOS/dev/vga.o output/myOS/dev/i8253.o output/myOS/dev/i8259A.o output/myOS/i386/io.o output/myOS/i386/irq.o output/myOS/i386/irqs.o output/myOS/i386/CTX_SW.o output/myOS/printk/myPrintk.o output/myOS/lib/vsprintf.o output/myOS/lib/string.o output/myOS/kernel/timer/tick.o output/myOS/kernel/timer/wallClock.o output/myOS/kernel/timer/HookInit.o output/myOS/kernel/mem/pMemInit.o output/myOS/kernel/mem/dPartition.o output/myOS/kernel/mem/eFPartition.o output/myOS/kernel/mem/malloc.o output/myOS/kernel/schedule/QueueFIFO.o output/myOS/kernel/schedule/QueuePRI.o output/myOS/kernel/schedule/QueueSJF.o output/myOS/kernel/schedule/scheduler.o output/myOS/kernel/schedule/task.o output/userApp/main.o output/userApp/shell.o output/userApp/memTestCase.o output/userApp/taskTestCase.o output/multibootheader/multibootHeader.o
#  Implicit rule search has not been done.
#  Last modified 2022-06-23 21:47:17.42382239
#  File has been updated.
#  Successfully updated.
#  recipe to execute (from 'Makefile', line 17):
	${CROSS_COMPILE}ld -n -T myOS/myOS.ld ${MULTI_BOOT_HEADER} ${OS_OBJS} -o output/myOS.elf

# Not a target:
myOS/i386/irqs.c:
#  Implicit rule search has been done.
#  Last modified 2022-05-17 16:26:22
#  File has been updated.
#  Successfully updated.

# Not a target:
myOS/kernel/timer/HookInit.c:
#  Implicit rule search has been done.
#  Last modified 2022-06-23 18:45:14.051756722
#  File has been updated.
#  Successfully updated.

output/myOS/kernel/schedule/task.o: myOS/kernel/schedule/task.c
#  Implicit rule search has been done.
#  Implicit/static pattern stem: 'myOS/kernel/schedule/task'
#  Last modified 2022-06-23 21:10:20.993369837
#  File has been updated.
#  Successfully updated.
#  recipe to execute (from 'Makefile', line 24):
	@mkdir -p $(dir $@)
	@${CROSS_COMPILE}gcc -I myOS/include -I myOS ${C_FLAGS} -c -o $@ $<

# Not a target:
myOS/start32.S:
#  Implicit rule search has been done.
#  Last modified 2022-05-17 17:27:18
#  File has been updated.
#  Successfully updated.

output/myOS/kernel/schedule/scheduler.o: myOS/kernel/schedule/scheduler.c
#  Implicit rule search has been done.
#  Implicit/static pattern stem: 'myOS/kernel/schedule/scheduler'
#  Last modified 2022-06-23 21:42:01.678333365
#  File has been updated.
#  Successfully updated.
#  recipe to execute (from 'Makefile', line 24):
	@mkdir -p $(dir $@)
	@${CROSS_COMPILE}gcc -I myOS/include -I myOS ${C_FLAGS} -c -o $@ $<

output/myOS/kernel/timer/tick.o: myOS/kernel/timer/tick.c
#  Implicit rule search has been done.
 
#  Implicit/static pattern stem: 'myOS/kernel/timer/tick'
#  Last modified 2022-06-23 19:41:09.932133571
#  File has been updated.
#  Successfully updated.
#  recipe to execute (from 'Makefile', line 24):
	@mkdir -p $(dir $@)
	@${CROSS_COMPILE}gcc -I myOS/include -I myOS ${C_FLAGS} -c -o $@ $<

# Not a target:
myOS/kernel/mem/malloc.c:
#  Implicit rule search has been done.
#  Last modified 2022-05-17 17:09:31
#  File has been updated.
#  Successfully updated.

output/myOS/dev/i8259A.o: myOS/dev/i8259A.c
#  Implicit rule search has been done.
#  Implicit/static pattern stem: 'myOS/dev/i8259A'
#  Last modified 2022-06-23 19:41:09.700132476
#  File has been updated.
#  Successfully updated.
#  recipe to execute (from 'Makefile', line 24):
	@mkdir -p $(dir $@)
	@${CROSS_COMPILE}gcc -I myOS/include -I myOS ${C_FLAGS} -c -o $@ $<

# Not a target:
Makefile:
#  Implicit rule search has been done.
#  Last modified 2022-03-15 13:44:19
#  File has been updated.
#  Successfully updated.

output/multibootheader/multibootHeader.o: multibootheader/multibootHeader.S
#  Implicit rule search has been done.
#  Implicit/static pattern stem: 'multibootheader/multibootHeader'
#  Last modified 2022-06-23 19:41:10.39213574
#  File has been updated.
#  Successfully updated.
#  recipe to execute (from 'Makefile', line 20):
	@mkdir -p $(dir $@)
	@${CROSS_COMPILE}gcc ${ASM_FLAGS} -c -o $@ $<

output/userApp/memTestCase.o: userApp/memTestCase.c
#  Implicit rule search has been done.
#  Implicit/static pattern stem: 'userApp/memTestCase'
#  Last modified 2022-06-23 19:41:10.352135552
#  File has been updated.
#  Successfully updated.
#  recipe to execute (from 'Makefile', line 24):
	@mkdir -p $(dir $@)
	@${CROSS_COMPILE}gcc -I myOS/include -I myOS ${C_FLAGS} -c -o $@ $<

output/userApp/main.o: userApp/main.c
#  Implicit rule search has been done.
#  Implicit/static pattern stem: 'userApp/main'
#  Last modified 2022-06-23 21:39:39.825664487
#  File has been updated.
#  Successfully updated.
#  recipe to execute (from 'Makefile', line 24):
	@mkdir -p $(dir $@)
	@${CROSS_COMPILE}gcc -I myOS/include -I myOS ${C_FLAGS} -c -o $@ $<

# Not a target:
/home/pty/桌面/lab5_remake_pty/myOS/Makefile:
#  Implicit rule search has been done.
#  Last modified 2022-04-08 17:19:00
#  File has been updated.
#  Successfully updated.

# Not a target:
myOS/lib/string.c:
#  Implicit rule search has been done.
#  Last modified 2022-05-17 17:40:22
#  File has been updated.
#  Successfully updated.

output/myOS/kernel/mem/eFPartition.o: myOS/kernel/mem/eFPartition.c
#  Implicit rule search has been done.
#  Implicit/static pattern stem: 'myOS/kernel/mem/eFPartition'
#  Last modified 2022-06-23 19:41:10.080134269
#  File has been updated.
#  Successfully updated.
#  recipe to execute (from 'Makefile', line 24):
	@mkdir -p $(dir $@)
	@${CROSS_COMPILE}gcc -I myOS/include -I myOS ${C_FLAGS} -c -o $@ $<

# Not a target:
myOS/lib/vsprintf.c:
#  Implicit rule search has been done.
#  Last modified 2022-05-17 17:44:43
#  File has been updated.
#  Successfully updated.

output/myOS/osStart.o: myOS/osStart.c
#  Implicit rule search has been done.
#  Implicit/static pattern stem: 'myOS/osStart'
#  Last modified 2022-06-23 21:47:17.371822144
#  File has been updated.
#  Successfully updated.
#  recipe to execute (from 'Makefile', line 24):
	@mkdir -p $(dir $@)
	@${CROSS_COMPILE}gcc -I myOS/include -I myOS ${C_FLAGS} -c -o $@ $<

# Not a target:
myOS/printk/myPrintk.c:
#  Implicit rule search has been done.
#  Last modified 2022-04-03 15:08:23
#  File has been updated.
#  Successfully updated.

output/myOS/kernel/schedule/QueueFIFO.o: myOS/kernel/schedule/QueueFIFO.c
#  Implicit rule search has been done.
#  Implicit/static pattern stem: 'myOS/kernel/schedule/QueueFIFO'
#  Last modified 2022-06-23 20:07:30.83558975
#  File has been updated.
#  Successfully updated.
#  recipe to execute (from 'Makefile', line 24):
	@mkdir -p $(dir $@)
	@${CROSS_COMPILE}gcc -I myOS/include -I myOS ${C_FLAGS} -c -o $@ $<

# Not a target:
userApp/memTestCase.c:
#  Implicit rule search has been done.
#  Last modified 2022-05-17 19:07:25
#  File has been updated.
#  Successfully updated.

# Not a target:
userApp/main.c:
#  Implicit rule search has been done.
#  Last modified 2022-06-23 21:35:33.31250188
#  File has been updated.
#  Successfully updated.

output/myOS/kernel/timer/wallClock.o: myOS/kernel/timer/wallClock.c
#  Implicit rule search has been done.
#  Implicit/static pattern stem: 'myOS/kernel/timer/wallClock'
#  Last modified 2022-06-23 19:41:09.964133722
#  File has been updated.
#  Successfully updated.
#  recipe to execute (from 'Makefile', line 24):
	@mkdir -p $(dir $@)
	@${CROSS_COMPILE}gcc -I myOS/include -I myOS ${C_FLAGS} -c -o $@ $<

# Not a target:
/home/pty/桌面/lab5_remake_pty/myOS/dev/Makefile:
#  Implicit rule search has been done.
#  Last modified 2022-04-03 23:55:00
#  File has been updated.
#  Successfully updated.

# Not a target:
/home/pty/桌面/lab5_remake_pty/myOS/kernel/Makefile:
#  Implicit rule search has been done.
#  Last modified 2022-06-23 18:16:19.780171166
#  File has been updated.
#  Successfully updated.

# Not a target:
/home/pty/桌面/lab5_remake_pty/myOS/printk/Makefile:
#  Implicit rule search has been done.
#  Last modified 2021-05-03 01:53:28
#  File has been updated.
#  Successfully updated.

output/myOS/i386/irqs.o: myOS/i386/irqs.c
#  Implicit rule search has been done.
#  Implicit/static pattern stem: 'myOS/i386/irqs'
#  Last modified 2022-06-23 19:41:09.776132835
#  File has been updated.
#  Successfully updated.
#  recipe to execute (from 'Makefile', line 24):
	@mkdir -p $(dir $@)
	@${CROSS_COMPILE}gcc -I myOS/include -I myOS ${C_FLAGS} -c -o $@ $<

output/myOS/kernel/timer/HookInit.o: myOS/kernel/timer/HookInit.c
#  Implicit rule search has been done.
#  Implicit/static pattern stem: 'myOS/kernel/timer/HookInit'
#  Last modified 2022-06-23 19:41:09.988133835
#  File has been updated.
#  Successfully updated.
#  recipe to execute (from 'Makefile', line 24):
	@mkdir -p $(dir $@)
	@${CROSS_COMPILE}gcc -I myOS/include -I myOS ${C_FLAGS} -c -o $@ $<

# Not a target:
.DEFAULT:
#  Implicit rule search has not been done.
#  Modification time never checked.
#  File has not been updated.

# Not a target:
myOS/kernel/schedule/QueuePRI.c:
#  Implicit rule search has been done.
#  Last modified 2022-06-23 21:24:15.081303409
#  File has been updated.
#  Successfully updated.

# Not a target:
myOS/kernel/schedule/QueueSJF.c:
#  Implicit rule search has been done.
#  Last modified 2022-06-23 21:28:51.654607669
#  File has been updated.
#  Successfully updated.

# Not a target:
myOS/dev/uart.c:
#  Implicit rule search has been done.
 
#  Last modified 2022-04-08 16:38:59
#  File has been updated.
#  Successfully updated.

output/userApp/taskTestCase.o: userApp/taskTestCase.c
#  Implicit rule search has been done.
#  Implicit/static pattern stem: 'userApp/taskTestCase'
#  Last modified 2022-06-23 19:41:10.380135684
#  File has been updated.
#  Successfully updated.
#  recipe to execute (from 'Makefile', line 24):
	@mkdir -p $(dir $@)
	@${CROSS_COMPILE}gcc -I myOS/include -I myOS ${C_FLAGS} -c -o $@ $<

output/myOS/start32.o: myOS/start32.S
#  Implicit rule search has been done.
#  Implicit/static pattern stem: 'myOS/start32'
#  Last modified 2022-06-23 19:41:09.528131665
#  File has been updated.
#  Successfully updated.
#  recipe to execute (from 'Makefile', line 20):
	@mkdir -p $(dir $@)
	@${CROSS_COMPILE}gcc ${ASM_FLAGS} -c -o $@ $<

output/myOS/kernel/mem/malloc.o: myOS/kernel/mem/malloc.c
#  Implicit rule search has been done.
#  Implicit/static pattern stem: 'myOS/kernel/mem/malloc'
#  Last modified 2022-06-23 19:41:10.104134383
#  File has been updated.
#  Successfully updated.
#  recipe to execute (from 'Makefile', line 24):
	@mkdir -p $(dir $@)
	@${CROSS_COMPILE}gcc -I myOS/include -I myOS ${C_FLAGS} -c -o $@ $<

# Not a target:
myOS/dev/vga.c:
#  Implicit rule search has been done.
#  Last modified 2022-05-17 18:58:38
#  File has been updated.
#  Successfully updated.

# Not a target:
myOS/i386/io.c:
#  Implicit rule search has been done.
#  Last modified 2022-04-03 23:52:43
#  File has been updated.
#  Successfully updated.

# Not a target:
myOS/i386/CTX_SW.S:
#  Implicit rule search has been done.
#  Last modified 2022-06-23 17:55:26.992889732
#  File has been updated.
#  Successfully updated.

output/myOS/i386/irq.o: myOS/i386/irq.S
#  Implicit rule search has been done.
#  Implicit/static pattern stem: 'myOS/i386/irq'
#  Last modified 2022-06-23 19:41:09.744132684
#  File has been updated.
#  Successfully updated.
#  recipe to execute (from 'Makefile', line 20):
	@mkdir -p $(dir $@)
	@${CROSS_COMPILE}gcc ${ASM_FLAGS} -c -o $@ $<

clean:
#  Implicit rule search has not been done.
#  Modification time never checked.
#  File has not been updated.
#  recipe to execute (from 'Makefile', line 28):
	rm -rf output

# Not a target:
myOS/dev/i8253.c:
#  Implicit rule search has been done.
#  Last modified 2022-04-08 16:40:30
#  File has been updated.
#  Successfully updated.

output/myOS/lib/string.o: myOS/lib/string.c
#  Implicit rule search has been done.
#  Implicit/static pattern stem: 'myOS/lib/string'
#  Last modified 2022-06-23 19:41:09.90013342
#  File has been updated.
#  Successfully updated.
#  recipe to execute (from 'Makefile', line 24):
	@mkdir -p $(dir $@)
	@${CROSS_COMPILE}gcc -I myOS/include -I myOS ${C_FLAGS} -c -o $@ $<

# Not a target:
userApp/taskTestCase.c:
#  Implicit rule search has been done.
#  Last modified 2022-06-23 18:05:34.946491034
#  File has been updated.
#  Successfully updated.

# Not a target:
/home/pty/桌面/lab5_remake_pty/myOS/lib/Makefile:
#  Implicit rule search has been done.
#  Last modified 2022-04-03 14:35:04
#  File has been updated.
#  Successfully updated.

# Not a target:
myOS/kernel/mem/pMemInit.c:
#  Implicit rule search has been done.
#  Last modified 2022-06-11 21:58:55
#  File has been updated.
#  Successfully updated.

output/myOS/lib/vsprintf.o: myOS/lib/vsprintf.c
#  Implicit rule search has been done.
#  Implicit/static pattern stem: 'myOS/lib/vsprintf'
#  Last modified 2022-06-23 19:41:09.868133269
#  File has been updated.
#  Successfully updated.
#  recipe to execute (from 'Makefile', line 24):
	@mkdir -p $(dir $@)
	@${CROSS_COMPILE}gcc -I myOS/include -I myOS ${C_FLAGS} -c -o $@ $<

# Not a target:
myOS/kernel/schedule/task.c:
#  Implicit rule search has been done.
#  Last modified 2022-06-23 21:09:31.449136181
#  File has been updated.
#  Successfully updated.

output/myOS/kernel/mem/dPartition.o: myOS/kernel/mem/dPartition.c
#  Implicit rule search has been done.
#  Implicit/static pattern stem: 'myOS/kernel/mem/dPartition'
#  Last modified 2022-06-23 19:41:10.052134137
#  File has been updated.
#  Successfully updated.
#  recipe to execute (from 'Makefile', line 24):
	@mkdir -p $(dir $@)
	@${CROSS_COMPILE}gcc -I myOS/include -I myOS ${C_FLAGS} -c -o $@ $<

output/myOS/printk/myPrintk.o: myOS/printk/myPrintk.c
#  Implicit rule search has been done.
#  Implicit/static pattern stem: 'myOS/printk/myPrintk'
#  Last modified 2022-06-23 19:41:09.820133043
#  File has been updated.
#  Successfully updated.
#  recipe to execute (from 'Makefile', line 24):
	@mkdir -p $(dir $@)
	@${CROSS_COMPILE}gcc -I myOS/include -I myOS ${C_FLAGS} -c -o $@ $<

# Not a target:
myOS/kernel/schedule/scheduler.c:
#  Implicit rule search has been done.
#  Last modified 2022-06-23 21:41:58.690319281
#  File has been updated.
#  Successfully updated.

# Not a target:
myOS/kernel/timer/tick.c:
#  Implicit rule search has been done.
#  Last modified 2022-04-08 22:06:03
#  File has been updated.
#  Successfully updated.

# Not a target:
/home/pty/桌面/lab5_remake_pty/myOS/kernel/schedule/Makefile:
#  Implicit rule search has been done.
#  Last modified 2022-06-23 21:32:47.539720074
#  File has been updated.
#  Successfully updated.

# Not a target:
multibootheader/multibootHeader.S:
#  Implicit rule search has been done.
#  Last modified 2022-03-15 15:04:05
#  File has been updated.
#  Successfully updated.

# Not a target:
myOS/dev/i8259A.c:
#  Implicit rule search has been done.
#  Last modified 2022-04-03 23:51:51
#  File has been updated.
#  Successfully updated.

# Not a target:
/home/pty/桌面/lab5_remake_pty/myOS/i386/Makefile:
#  Implicit rule search has been done.
#  Last modified 2022-06-23 17:55:48.784951523
#  File has been updated.
#  Successfully updated.

# Not a target:
/home/pty/桌面/lab5_remake_pty/myOS/kernel/mem/Makefile:
#  Implicit rule search has been done.
#  Last modified 2022-05-17 16:41:23
#  File has been updated.
#  Successfully updated.

# Not a target:
myOS/kernel/mem/dPartition.c:
#  Implicit rule search has been done.
#  Last modified 2022-05-17 17:06:18
#  File has been updated.
#  Successfully updated.

# Not a target:
myOS/kernel/mem/eFPartition.c:
#  Implicit rule search has been done.
#  Last modified 2022-05-17 17:06:26
#  File has been updated.
#  Successfully updated.

output/userApp/shell.o: userApp/shell.c
#  Implicit rule search has been done.
#  Implicit/static pattern stem: 'userApp/shell'
#  Last modified 2022-06-23 19:41:10.300135306
#  File has been updated.
#  Successfully updated.
#  recipe to execute (from 'Makefile', line 24):
	@mkdir -p $(dir $@)
	@${CROSS_COMPILE}gcc -I myOS/include -I myOS ${C_FLAGS} -c -o $@ $<

# Not a target:
/home/pty/桌面/lab5_remake_pty/userApp/Makefile:
#  Implicit rule search has been done.
#  Last modified 2022-06-23 18:05:56.618547499
#  File has been updated.
#  Successfully updated.

output/myOS/kernel/schedule/QueuePRI.o: myOS/kernel/schedule/QueuePRI.c
#  Implicit rule search has been done.
#  Implicit/static pattern stem: 'myOS/kernel/schedule/QueuePRI'
#  Last modified 2022-06-23 21:34:01.584069272
#  File has been updated.
#  Successfully updated.
#  recipe to execute (from 'Makefile', line 24):
	@mkdir -p $(dir $@)
	@${CROSS_COMPILE}gcc -I myOS/include -I myOS ${C_FLAGS} -c -o $@ $<

output/myOS/kernel/schedule/QueueSJF.o: myOS/kernel/schedule/QueueSJF.c
#  Implicit rule search has been done.
#  Implicit/static pattern stem: 'myOS/kernel/schedule/QueueSJF'
#  Last modified 2022-06-23 21:34:01.612069405
#  File has been updated.
#  Successfully updated.
#  recipe to execute (from 'Makefile', line 24):
	@mkdir -p $(dir $@)
	@${CROSS_COMPILE}gcc -I myOS/include -I myOS ${C_FLAGS} -c -o $@ $<

output/myOS/dev/uart.o: myOS/dev/uart.c
#  Implicit rule search has been done.
#  Implicit/static pattern stem: 'myOS/dev/uart'
#  Last modified 2022-06-23 19:41:09.604132023
#  File has been updated.
#  Successfully updated.
#  recipe to execute (from 'Makefile', line 24):
	@mkdir -p $(dir $@)
	@${CROSS_COMPILE}gcc -I myOS/include -I myOS ${C_FLAGS} -c -o $@ $<

# files hash-table stats:
# Load=77/1024=8%, Rehash=0, Collisions=9/247=4%
# VPATH Search Paths

# No 'vpath' search paths.

# No general ('VPATH' variable) search path.

# strcache buffers: 1 (0) / strings = 194 / storage = 4020 B / avg = 20 B
# current buf: size = 8162 B / used = 4020 B / count = 194 / avg = 20 B

# strcache performance: lookups = 276 / hit rate = 29%
# hash-table stats:
# Load=194/8192=2%, Rehash=0, Collisions=13/276=5%
# Finished Make data base on Thu Jun 23 23:07:09 2022

 
